<?xml version="1.0" encoding="UTF-8"?>
<testng-results skipped="0" failed="0" ignored="0" total="2" passed="2">
  <reporter-output>
  </reporter-output>
  <suite name="Quality Assurance Challenge" duration-ms="16040" started-at="2019-05-11T08:56:55Z" finished-at="2019-05-11T08:57:11Z">
    <groups>
    </groups>
    <test name="Goal 3 Tests" duration-ms="16040" started-at="2019-05-11T08:56:55Z" finished-at="2019-05-11T08:57:11Z">
      <class name="LocationFilterTest">
        <test-method status="PASS" signature="setUp()[pri:0, instance:LocationFilterTest@3567135c]" name="setUp" is-config="true" duration-ms="11923" started-at="2019-05-11T08:56:55Z" finished-at="2019-05-11T08:57:07Z">
          <reporter-output>
          </reporter-output>
        </test-method> <!-- setUp -->
        <test-method status="PASS" signature="updateButtonTextToLocation_when_locationIsSelected()[pri:0, instance:LocationFilterTest@3567135c]" name="updateButtonTextToLocation_when_locationIsSelected" duration-ms="1274" started-at="2019-05-11T08:57:07Z" finished-at="2019-05-11T08:57:08Z">
          <reporter-output>
          </reporter-output>
        </test-method> <!-- updateButtonTextToLocation_when_locationIsSelected -->
        <test-method status="PASS" signature="updateButtonTextToNumberOfLocations_when_multipleLocationsAreSelected()[pri:0, instance:LocationFilterTest@3567135c]" name="updateButtonTextToNumberOfLocations_when_multipleLocationsAreSelected" duration-ms="2816" started-at="2019-05-11T08:57:08Z" depends-on-methods="LocationFilterTest.updateButtonTextToLocation_when_locationIsSelected" finished-at="2019-05-11T08:57:11Z">
          <reporter-output>
          </reporter-output>
        </test-method> <!-- updateButtonTextToNumberOfLocations_when_multipleLocationsAreSelected -->
        <test-method status="PASS" signature="tearDown()[pri:0, instance:LocationFilterTest@3567135c]" name="tearDown" is-config="true" duration-ms="801" started-at="2019-05-11T08:57:11Z" finished-at="2019-05-11T08:57:12Z">
          <reporter-output>
          </reporter-output>
        </test-method> <!-- tearDown -->
      </class> <!-- LocationFilterTest -->
    </test> <!-- Goal 3 Tests -->
  </suite> <!-- Quality Assurance Challenge -->
</testng-results>
