<?xml version="1.0" encoding="UTF-8"?>
<!-- Generated by org.testng.reporters.JUnitXMLReporter -->
<testsuite hostname="DESKTOP-519E6OD" ignored="0" tests="2" failures="0" timestamp="11 May 2019 08:57:11 GMT" time="16.04" errors="0">
  <testcase name="updateButtonTextToLocation_when_locationIsSelected" time="1.274" classname="LocationFilterTest"/>
  <testcase name="updateButtonTextToNumberOfLocations_when_multipleLocationsAreSelected" time="2.816" classname="LocationFilterTest"/>
</testsuite>
